# JRE version: OpenJDK Runtime Environment (21.0.4) (build 21.0.4+-12508038-b607.1)
# Java VM: OpenJDK 64-Bit Server VM (21.0.4+-12508038-b607.1, mixed mode, tiered, compressed oops, compressed class ptrs, g1 gc, windows-amd64)
GC Precious Log:
 CardTable entry size: 512
 Card Set container configuration: InlinePtr #cards 5 size 8 Array Of Cards #cards 12 size 40 Howl #buckets 4 coarsen threshold 1843 Howl Bitmap #cards 512 size 80 coarsen threshold 460 Card regions per heap region 1 cards per card region 2048
 CPUs: 16 total, 16 available
 Memory: 16109M
 Large Page Support: Disabled
 NUMA Support: Disabled
 Compressed Oops: Enabled (32-bit)
 Heap Region Size: 1M
 Heap Min Capacity: 8M
 Heap Initial Capacity: 252M
 Heap Max Capacity: 2G
 Pre-touch: Disabled
 Parallel Workers: 13
 Concurrent Workers: 3
 Concurrent Refinement Workers: 13
 Periodic GC: Disabled
Heap:
 garbage-first heap   total 472064K, used 304458K [0x0000000080000000, 0x0000000100000000)
  region size 1024K, 99 young (101376K), 4 survivors (4096K)
 Metaspace       used 185256K, committed 187136K, reserved 1245184K
  class space    used 23934K, committed 24960K, reserved 1048576K
GC Heap History (20 events):
Event: 3129.263 GC heap before
{Heap before GC invocations=110 (full 0):
 garbage-first heap   total 454656K, used 444965K [0x0000000080000000, 0x0000000100000000)
  region size 1024K, 266 young (272384K), 16 survivors (16384K)
 Metaspace       used 160687K, committed 162688K, reserved 1245184K
  class space    used 20828K, committed 22080K, reserved 1048576K
}
Event: 3129.270 GC heap after
{Heap after GC invocations=111 (full 0):
 garbage-first heap   total 458752K, used 119576K [0x0000000080000000, 0x0000000100000000)
  region size 1024K, 7 young (7168K), 7 survivors (7168K)
 Metaspace       used 160687K, committed 162688K, reserved 1245184K
  class space    used 20828K, committed 22080K, reserved 1048576K
}
Event: 3130.076 GC heap before
{Heap before GC invocations=111 (full 0):
 garbage-first heap   total 458752K, used 248600K [0x0000000080000000, 0x0000000100000000)
  region size 1024K, 135 young (138240K), 7 survivors (7168K)
 Metaspace       used 160734K, committed 162752K, reserved 1245184K
  class space    used 20829K, committed 22080K, reserved 1048576K
}
Event: 3130.085 GC heap after
{Heap after GC invocations=112 (full 0):
 garbage-first heap   total 458752K, used 128298K [0x0000000080000000, 0x0000000100000000)
  region size 1024K, 17 young (17408K), 17 survivors (17408K)
 Metaspace       used 160734K, committed 162752K, reserved 1245184K
  class space    used 20829K, committed 22080K, reserved 1048576K
}
Event: 3549.185 GC heap before
{Heap before GC invocations=113 (full 0):
 garbage-first heap   total 444416K, used 442666K [0x0000000080000000, 0x0000000100000000)
  region size 1024K, 251 young (257024K), 17 survivors (17408K)
 Metaspace       used 161283K, committed 163328K, reserved 1245184K
  class space    used 20859K, committed 22080K, reserved 1048576K
}
Event: 3549.242 GC heap after
{Heap after GC invocations=114 (full 0):
 garbage-first heap   total 450560K, used 118626K [0x0000000080000000, 0x0000000100000000)
  region size 1024K, 6 young (6144K), 6 survivors (6144K)
 Metaspace       used 161283K, committed 163328K, reserved 1245184K
  class space    used 20859K, committed 22080K, reserved 1048576K
}
Event: 3553.143 GC heap before
{Heap before GC invocations=114 (full 0):
 garbage-first heap   total 450560K, used 427874K [0x0000000080000000, 0x0000000100000000)
  region size 1024K, 264 young (270336K), 6 survivors (6144K)
 Metaspace       used 170945K, committed 172608K, reserved 1245184K
  class space    used 22223K, committed 23040K, reserved 1048576K
}
Event: 3553.174 GC heap after
{Heap after GC invocations=115 (full 0):
 garbage-first heap   total 466944K, used 180343K [0x0000000080000000, 0x0000000100000000)
  region size 1024K, 30 young (30720K), 30 survivors (30720K)
 Metaspace       used 170945K, committed 172608K, reserved 1245184K
  class space    used 22223K, committed 23040K, reserved 1048576K
}
Event: 3555.546 GC heap before
{Heap before GC invocations=115 (full 0):
 garbage-first heap   total 466944K, used 410743K [0x0000000080000000, 0x0000000100000000)
  region size 1024K, 255 young (261120K), 30 survivors (30720K)
 Metaspace       used 170945K, committed 172672K, reserved 1245184K
  class space    used 22223K, committed 23040K, reserved 1048576K
}
Event: 3555.566 GC heap after
{Heap after GC invocations=116 (full 0):
 garbage-first heap   total 466944K, used 189688K [0x0000000080000000, 0x0000000100000000)
  region size 1024K, 12 young (12288K), 12 survivors (12288K)
 Metaspace       used 170945K, committed 172672K, reserved 1245184K
  class space    used 22223K, committed 23040K, reserved 1048576K
}
Event: 3556.949 GC heap before
{Heap before GC invocations=117 (full 0):
 garbage-first heap   total 466944K, used 425208K [0x0000000080000000, 0x0000000100000000)
  region size 1024K, 242 young (247808K), 12 survivors (12288K)
 Metaspace       used 170945K, committed 172672K, reserved 1245184K
  class space    used 22223K, committed 23040K, reserved 1048576K
}
Event: 3556.958 GC heap after
{Heap after GC invocations=118 (full 0):
 garbage-first heap   total 466944K, used 196718K [0x0000000080000000, 0x0000000100000000)
  region size 1024K, 19 young (19456K), 19 survivors (19456K)
 Metaspace       used 170945K, committed 172672K, reserved 1245184K
  class space    used 22223K, committed 23040K, reserved 1048576K
}
Event: 3558.367 GC heap before
{Heap before GC invocations=118 (full 0):
 garbage-first heap   total 466944K, used 423022K [0x0000000080000000, 0x0000000100000000)
  region size 1024K, 239 young (244736K), 19 survivors (19456K)
 Metaspace       used 177570K, committed 179328K, reserved 1245184K
  class space    used 22938K, committed 23808K, reserved 1048576K
}
Event: 3558.379 GC heap after
{Heap after GC invocations=119 (full 0):
 garbage-first heap   total 466944K, used 205129K [0x0000000080000000, 0x0000000100000000)
  region size 1024K, 21 young (21504K), 21 survivors (21504K)
 Metaspace       used 177570K, committed 179328K, reserved 1245184K
  class space    used 22938K, committed 23808K, reserved 1048576K
}
Event: 4099.847 GC heap before
{Heap before GC invocations=119 (full 0):
 garbage-first heap   total 466944K, used 382281K [0x0000000080000000, 0x0000000100000000)
  region size 1024K, 196 young (200704K), 21 survivors (21504K)
 Metaspace       used 185810K, committed 187712K, reserved 1245184K
  class space    used 24016K, committed 24960K, reserved 1048576K
}
Event: 4099.915 GC heap after
{Heap after GC invocations=120 (full 0):
 garbage-first heap   total 466944K, used 218520K [0x0000000080000000, 0x0000000100000000)
  region size 1024K, 26 young (26624K), 26 survivors (26624K)
 Metaspace       used 185810K, committed 187712K, reserved 1245184K
  class space    used 24016K, committed 24960K, reserved 1048576K
}
Event: 4102.911 GC heap before
{Heap before GC invocations=121 (full 0):
 garbage-first heap   total 466944K, used 438680K [0x0000000080000000, 0x0000000100000000)
  region size 1024K, 218 young (223232K), 26 survivors (26624K)
 Metaspace       used 184605K, committed 186624K, reserved 1245184K
  class space    used 23906K, committed 24960K, reserved 1048576K
}
Event: 4102.924 GC heap after
{Heap after GC invocations=122 (full 0):
 garbage-first heap   total 472064K, used 223269K [0x0000000080000000, 0x0000000100000000)
  region size 1024K, 19 young (19456K), 19 survivors (19456K)
 Metaspace       used 184605K, committed 186624K, reserved 1245184K
  class space    used 23906K, committed 24960K, reserved 1048576K
}
Event: 4783.973 GC heap before
{Heap before GC invocations=122 (full 0):
 garbage-first heap   total 472064K, used 450597K [0x0000000080000000, 0x0000000100000000)
  region size 1024K, 218 young (223232K), 19 survivors (19456K)
 Metaspace       used 185221K, committed 187072K, reserved 1245184K
  class space    used 23932K, committed 24960K, reserved 1048576K
}
Event: 4784.065 GC heap after
{Heap after GC invocations=123 (full 0):
 garbage-first heap   total 472064K, used 209226K [0x0000000080000000, 0x0000000100000000)
  region size 1024K, 4 young (4096K), 4 survivors (4096K)
 Metaspace       used 185221K, committed 187072K, reserved 1245184K
  class space    used 23932K, committed 24960K, reserved 1048576K
}

